<?xml version="1.0" encoding="UTF-8"?>
<testsuite xmlns:xsi="http://www.w3.org/2001/XMLSchema-instance" xsi:noNamespaceSchemaLocation="https://maven.apache.org/surefire/maven-surefire-plugin/xsd/surefire-test-report.xsd" name="com.mycompany.mediasoft.CRUDTest" time="0.84" tests="4" errors="0" skipped="0" failures="0">
  <properties>
[...]
</properties>
  <testcase name="testSaveOrUpdateProduct" classname="com.mycompany.mediasoft.CRUDTest" time="0.76"/>
  <testcase name="testGetProductById" classname="com.mycompany.mediasoft.CRUDTest" time="0.002"/>
  <testcase name="testDeleteProduct" classname="com.mycompany.mediasoft.CRUDTest" time="0.006"/>
  <testcase name="testGetAllProducts" classname="com.mycompany.mediasoft.CRUDTest" time="0.002"/>
</testsuite>